<?xml version="1.0" encoding="UTF-8"?>
<!-- Generated by org.testng.reporters.JUnitReportReporter -->
<testsuite hostname="Admins-MacBook-Pro.local" failures="0" tests="1" name="Tests.LaunchAppTest" time="22.294" errors="0" timestamp="2022-11-17T12:50:13 IST" skipped="0">
  <testcase classname="Tests.LaunchAppTest" name="Launch_Application" time="22.294"/>
  <system-out>
    <![CDATA[Application Launched<br>
Welcome Text Verified<br>]]>
  </system-out>
</testsuite> <!-- Tests.LaunchAppTest -->
