<?xml version="1.0" encoding="UTF-8"?>
<!-- Generated by org.testng.reporters.JUnitReportReporter -->
<testsuite hostname="Admins-MacBook-Pro.local" failures="0" tests="1" name="Tests.LoginTest" time="49.760" errors="0" timestamp="2022-11-17T12:50:13 IST" skipped="0">
  <testcase classname="Tests.LoginTest" name="Verify_Login_And_Logout_Functionality" time="49.760"/>
  <system-out>
    <![CDATA[Application Launched<br>
Welcome Text Verified<br>
Clicked On Login Button<br>
Clicked On Continue with username Button<br>
Entered UserName :- oyhktoy<br>
Entered UserName :- Test@123<br>
Clicked On Sign In Button<br>
Clicked On Skip Button<br>
Clicked On Account Menu Button<br>
Clicked On Logout Button<br>
Back to Welcome Screen<br>]]>
  </system-out>
</testsuite> <!-- Tests.LoginTest -->
